[22:20:07] [main/INFO] (FabricLoader/GameProvider) Loading Minecraft Beta 1.7.3 with Fabric Loader 0.18.4
[22:20:07] [ForkJoinPool-1-worker-3/WARN] (FabricLoader/Metadata) Mod cpm uses the version 0.6.25a which isn't compatible with Loader's extended semantic version format (Could not parse version number component '25a'!), SemVer is recommended for reliably evaluating dependencies and prioritizing newer version
[22:20:07] [ForkJoinPool-1-worker-6/WARN] (FabricLoader/Metadata) Mod com_github_mineldiver_unsafeevents uses the version e31096e which isn't compatible with Loader's extended semantic version format (Could not parse version number component 'e31096e'!), SemVer is recommended for reliably evaluating dependencies and prioritizing newer version
[22:20:07] [main/INFO] (FabricLoader) Loading 51 mods:
	- cpm 0.6.25a
	   \-- com_google_guava_failureaccess 1.0.1
	- derggycraft 1.3.2-a
	- fabricloader 0.18.4
	   \-- mixinextras 0.5.0
	- java 21
	- minecraft 1.0.0-beta.7.3
	- stationapi 2.0.0-alpha.5.4
	   |-- com_github_ben-manes_caffeine_caffeine 3.0.5
	   |-- com_github_mineldiver_unsafeevents e31096e
	   |-- com_mojang_datafixerupper 6.0.6
	   |-- it_unimi_dsi_fastutil 8.5.8
	   |-- net_jodah_typetools 0.8.3
	   |-- spasm 0.2.2
	   |-- station-achievements-v0 2.0.0-alpha.5.4
	   |-- station-api-base 2.0.0-alpha.5.4
	   |-- station-api-configuration 2.0.0-alpha.5.4
	   |-- station-armor-api-v0 2.0.0-alpha.5.4
	   |-- station-audio-loader-v0 2.0.0-alpha.5.4
	   |-- station-biome-events-v0 2.0.0-alpha.5.4
	   |-- station-blockentities-v0 2.0.0-alpha.5.4
	   |-- station-blockitems-v0 2.0.0-alpha.5.4
	   |-- station-blocks-v0 2.0.0-alpha.5.4
	   |-- station-container-api-v0 2.0.0-alpha.5.4
	   |-- station-datafixer-v0 2.0.0-alpha.5.4
	   |-- station-dimensions-v0 2.0.0-alpha.5.4
	   |-- station-effects-api-v0 2.0.0-alpha.5.4
	   |-- station-entities-v0 2.0.0-alpha.5.4
	   |-- station-flattening-v0 2.0.0-alpha.5.4
	   |-- station-gui-api-v0 2.0.0-alpha.5.4
	   |-- station-items-v0 2.0.0-alpha.5.4
	   |-- station-keybindings-v0 2.0.0-alpha.5.4
	   |-- station-lifecycle-events-v0 2.0.0-alpha.5.4
	   |-- station-localization-api-v0 2.0.0-alpha.5.4
	   |-- station-maths-v0 2.0.0-alpha.5.4
	   |-- station-nbt-v0 2.0.0-alpha.5.4
	   |-- station-networking-v0 2.0.0-alpha.5.4
	   |-- station-player-api-v0 2.0.0-alpha.5.4
	   |-- station-recipes-v0 2.0.0-alpha.5.4
	   |-- station-registry-api-v0 2.0.0-alpha.5.4
	   |-- station-registry-sync-v0 2.0.0-alpha.5.4
	   |-- station-renderer-api-v0 2.0.0-alpha.5.4
	   |-- station-renderer-arsenic 2.0.0-alpha.5.4
	   |-- station-resource-loader-v0 2.0.0-alpha.5.4
	   |-- station-templates-v0 2.0.0-alpha.5.4
	   |-- station-tools-api-v1 2.0.0-alpha.5.4
	   |-- station-transitive-access-wideners-v0 2.0.0-alpha.5.4
	   |-- station-vanilla-checker-v0 2.0.0-alpha.5.4
	   |-- station-vanilla-fix-v0 2.0.0-alpha.5.4
	   |-- station-world-events-v0 2.0.0-alpha.5.4
	   \-- station-worldgen-api-v0 2.0.0-alpha.5.4
[22:20:08] [main/INFO] (FabricLoader/Mixin) SpongePowered MIXIN Subsystem Version=0.8.7 Source=file:/home/dell/.local/share/PrismLauncher/libraries/net/fabricmc/sponge-mixin/0.17.0+mixin.0.8.7/sponge-mixin-0.17.0+mixin.0.8.7.jar Service=Knot/Fabric Env=CLIENT
[22:20:08] [main/INFO] (FabricLoader/Mixin) Compatibility level set to JAVA_17
[22:20:08] [main/INFO] (Station|API) Initializing Station API...
[22:20:08] [main/INFO] (Station|API) Loading entrypoints...
[22:20:08] [main/INFO] (Station|API) Setting up "derggycraft" "stationapi:event_bus" "net.noahsarch.derggycraft.DerggyCraft" entrypoint...
[22:20:08] [main/INFO] (FabricLoader/MixinExtras|Service) Initializing MixinExtras via com.llamalad7.mixinextras.service.MixinExtrasServiceImpl(version=0.5.0).
[22:20:08] [main/INFO] (Station|API) Setting up "station-api-base" "stationapi:event_bus" "net.modificationstation.stationapi.impl.mod.DeprecatedInitEventsImpl" entrypoint...
[22:20:08] [main/INFO] (Station|API) Setting up "station-blockitems-v0" "stationapi:event_bus" "net.modificationstation.stationapi.impl.block.HasMetaBlockItemImpl" entrypoint...
[22:20:08] [main/INFO] (Station|API) Setting up "station-blockitems-v0" "stationapi:event_bus" "net.modificationstation.stationapi.impl.block.HasMetaNamedBlockItemImpl" entrypoint...
[22:20:08] [main/INFO] (Station|API) Setting up "station-blockitems-v0" "stationapi:event_bus" "net.modificationstation.stationapi.impl.block.HasCustomBlockItemFactoryImpl" entrypoint...
[22:20:08] [main/INFO] (Station|API) Setting up "station-blockitems-v0" "stationapi:event_bus" "net.modificationstation.stationapi.impl.block.BlockFormOnlyHandler" entrypoint...
[22:20:08] [main/INFO] (Station|API) Setting up "station-effects-api-v0" "stationapi:event_bus" "net.modificationstation.stationapi.impl.effect.EffectsRegisterListener" entrypoint...
[22:20:08] [main/INFO] (Station|API) Setting up "station-flattening-v0" "stationapi:event_bus" "net.modificationstation.stationapi.api.block.States" entrypoint...
[22:20:08] [main/INFO] (Station|API) Setting up "station-flattening-v0" "stationapi:event_bus" "net.modificationstation.stationapi.impl.block.PlacementStateImpl" entrypoint...
[22:20:08] [main/INFO] (Station|API) Setting up "station-flattening-v0" "stationapi:event_bus" "net.modificationstation.stationapi.impl.world.WorldDataVersionImpl" entrypoint...
[22:20:08] [main/INFO] (Station|API) Setting up "station-flattening-v0" "stationapi:event_bus" "net.modificationstation.stationapi.impl.block.BlockInteractionImpl" entrypoint...
[22:20:08] [main/INFO] (Station|API) Setting up "station-items-v0" "stationapi:event_bus" "net.modificationstation.stationapi.impl.entity.player.ItemCustomReachImpl" entrypoint...
[22:20:08] [main/INFO] (Station|API) Setting up "station-items-v0" "stationapi:event_bus" "net.modificationstation.stationapi.impl.dispenser.CustomDispenseBehaviorImpl" entrypoint...
[22:20:08] [main/INFO] (Station|API) Setting up "station-networking-v0" "stationapi:event_bus" "net.modificationstation.stationapi.impl.network.packet.StationNetworkingInit" entrypoint...
[22:20:08] [main/INFO] (Station|API) Setting up "station-recipes-v0" "stationapi:event_bus" "net.modificationstation.stationapi.impl.recipe.json.JsonRecipeParserRegisterImpl" entrypoint...
[22:20:08] [main/INFO] (Station|API) Setting up "station-recipes-v0" "stationapi:event_bus" "net.modificationstation.stationapi.impl.recipe.JsonRecipeParserInit" entrypoint...
[22:20:08] [main/INFO] (Station|API) Setting up "station-recipes-v0" "stationapi:event_bus" "net.modificationstation.stationapi.impl.recipe.JsonRecipesLoader" entrypoint...
[22:20:08] [main/INFO] (Station|API) Setting up "station-recipes-v0" "stationapi:event_bus" "net.modificationstation.stationapi.api.recipe.FuelRegistry" entrypoint...
[22:20:08] [main/INFO] (Station|API) Setting up "station-registry-api-v0" "stationapi:event_bus" "net.modificationstation.stationapi.impl.registry.WorldRegistryRemapper" entrypoint...
[22:20:08] [main/INFO] (Station|API) Setting up "station-registry-api-v0" "stationapi:event_bus" "net.modificationstation.stationapi.impl.registry.TagReloaderImpl" entrypoint...
[22:20:08] [main/INFO] (Station|API) Setting up "station-registry-sync-v0" "stationapi:event_bus" "net.modificationstation.stationapi.impl.network.RegistryNetworkingInit" entrypoint...
[22:20:08] [main/INFO] (Station|API) Setting up "station-resource-loader-v0" "stationapi:event_bus" "net.modificationstation.stationapi.impl.resource.DataReloaderImpl" entrypoint...
[22:20:08] [main/INFO] (Station|API) Setting up "station-tools-api-v1" "stationapi:event_bus" "net.modificationstation.stationapi.impl.item.HijackShearsImplV1" entrypoint...
[22:20:08] [main/INFO] (Station|API) Setting up "station-vanilla-checker-v0" "stationapi:event_bus" "net.modificationstation.stationapi.impl.network.VanillaChecker" entrypoint...
[22:20:08] [main/INFO] (Station|API) Setting up "station-vanilla-fix-v0" "stationapi:event_bus" "net.modificationstation.stationapi.impl.vanillafix.block.VanillaBlockFixImpl" entrypoint...
[22:20:08] [main/INFO] (Station|API) Setting up "station-vanilla-fix-v0" "stationapi:event_bus" "net.modificationstation.stationapi.impl.vanillafix.item.VanillaItemFixImpl" entrypoint...
[22:20:08] [main/INFO] (Station|API) Setting up "station-vanilla-fix-v0" "stationapi:event_bus" "net.modificationstation.stationapi.impl.vanillafix.dimension.VanillaDimensionFixImpl" entrypoint...
[22:20:08] [main/INFO] (Station|API) Setting up "station-vanilla-fix-v0" "stationapi:event_bus" "net.modificationstation.stationapi.impl.vanillafix.recipe.VanillaFuelItemFixImpl" entrypoint...
[22:20:08] [main/INFO] (Station|API) Setting up "station-vanilla-fix-v0" "stationapi:event_bus" "net.modificationstation.stationapi.impl.vanillafix.datafixer.VanillaDataFixerImpl" entrypoint...
[22:20:08] [main/INFO] (Station|API) Setting up "station-worldgen-api-v0" "stationapi:event_bus" "net.modificationstation.stationapi.impl.worldgen.WorldgenListener" entrypoint...
[22:20:08] [main/INFO] (Station|API) Setting up "cpm" "stationapi:event_bus_client" "com.tom.cpm.client.CPMClient" entrypoint...
[22:20:08] [main/INFO] (Station|API) Setting up "derggycraft" "stationapi:event_bus_client" "net.noahsarch.derggycraft.client.TextureRegistry" entrypoint...
[22:20:08] [main/INFO] (Station|API) Setting up "derggycraft" "stationapi:event_bus_client" "net.noahsarch.derggycraft.client.network.ClientMusicSyncNetworking" entrypoint...
[22:20:08] [main/INFO] (Station|API) Setting up "station-achievements-v0" "stationapi:event_bus_client" "net.modificationstation.stationapi.impl.client.gui.screen.achievement.AchievementPageImpl" entrypoint...
[22:20:08] [main/INFO] (Station|API) Setting up "station-container-api-v0" "stationapi:event_bus_client" "net.modificationstation.stationapi.impl.client.network.GuiClientNetworkHandler" entrypoint...
[22:20:08] [main/INFO] (Station|API) Setting up "station-entities-v0" "stationapi:event_bus_client" "net.modificationstation.stationapi.impl.client.network.EntityClientNetworkHandler" entrypoint...
[22:20:08] [main/INFO] (Station|API) Setting up "station-gui-api-v0" "stationapi:event_bus_client" "net.modificationstation.stationapi.impl.client.gui.screen.EditWorldScreenImpl" entrypoint...
[22:20:08] [main/INFO] (Station|API) Setting up "station-items-v0" "stationapi:event_bus_client" "net.modificationstation.stationapi.impl.client.render.item.CustomItemOverlayImpl" entrypoint...
[22:20:08] [main/INFO] (Station|API) Setting up "station-items-v0" "stationapi:event_bus_client" "net.modificationstation.stationapi.impl.client.gui.screen.container.CustomTooltipRendererImpl" entrypoint...
[22:20:08] [main/INFO] (Station|API) Setting up "station-localization-api-v0" "stationapi:event_bus_client" "net.modificationstation.stationapi.api.resource.language.LanguageManager" entrypoint...
[22:20:08] [main/INFO] (Station|API) Setting up "station-registry-sync-v0" "stationapi:event_bus_client" "net.modificationstation.stationapi.impl.client.registry.ClientServerRegistryRemapper" entrypoint...
[22:20:08] [main/INFO] (Station|API) Setting up "station-registry-sync-v0" "stationapi:event_bus_client" "net.modificationstation.stationapi.impl.client.registry.ClientRegistryRestorer" entrypoint...
[22:20:08] [main/INFO] (Station|API) Setting up "station-renderer-api-v0" "stationapi:event_bus_client" "net.modificationstation.stationapi.impl.client.texture.StationRenderImpl" entrypoint...
[22:20:08] [main/INFO] (Station|API) Setting up "station-renderer-arsenic" "stationapi:event_bus_client" "net.modificationstation.stationapi.impl.client.arsenic.Arsenic" entrypoint...
[22:20:08] [main/INFO] (Station|API) Setting up "station-resource-loader-v0" "stationapi:event_bus_client" "net.modificationstation.stationapi.impl.client.resource.AssetsReloaderImpl" entrypoint...
[22:20:08] [main/INFO] (Station|API) Setting up "station-vanilla-checker-v0" "stationapi:event_bus_client" "net.modificationstation.stationapi.impl.client.network.ClientVanillaChecker" entrypoint...
[22:20:08] [main/INFO] (Station|API) Setting up "station-vanilla-fix-v0" "stationapi:event_bus_client" "net.modificationstation.stationapi.impl.vanillafix.client.gui.screen.EditWorldScreenImpl" entrypoint...
[22:20:08] [main/INFO] (Station|API) Setting up "station-vanilla-fix-v0" "stationapi:event_bus_client" "net.modificationstation.stationapi.impl.vanillafix.client.color.block.VanillaBlockColorProviders" entrypoint...
[22:20:08] [main/INFO] (Station|API) Invoking Init event...
[22:20:08] [main/INFO] (Station|API) Searching for JSON recipes...
[22:20:08] [main/INFO] (Station|API) Gathering mods that require client verification...
[22:20:08] [main/INFO] (Arsenic) Registering Arsenic renderer!
[22:20:08] [main/INFO] (Station|API) Finished Station API setup.
[22:20:09] [AWT-EventQueue-0/INFO] (Station|API) Added vanilla blocks to the registry.
[22:20:09] [AWT-EventQueue-0/INFO] (Station|API) Added vanilla items to the registry.
[22:20:09] [AWT-EventQueue-0/INFO] (CPM) Customizable Player Models Initialized
[22:20:09] [AWT-EventQueue-0/INFO] (CPM) Loaded plugins: (0)

[22:20:09] [CPM Background Loading Thread/INFO] (CPM) [VersionChecker] Starting CPM version checker...
[22:20:09] [AWT-EventQueue-0/INFO] (CPM) Loaded 0 built-in, 0 custom block tags
[22:20:09] [AWT-EventQueue-0/INFO] (CPM) Loaded 6 built-in, 0 custom item tags
[22:20:09] [AWT-EventQueue-0/INFO] (CPM) Loaded 0 built-in, 0 custom entity tags
[22:20:09] [AWT-EventQueue-0/INFO] (CPM) Loaded 0 built-in, 0 custom biome tags
[22:20:09] [CPM Background Loading Thread/INFO] (CPM) [VersionChecker] Current: 0.6.25a Target: 0.6.25a Up-to-date
[22:20:12] [Thread-3/INFO] (Station|API) Reloading ResourceManager: vanilla, Fabric Mods
[22:20:12] [Thread-3/INFO] (Station|API) Reloading ResourceManager: vanilla, Fabric Mods
[22:20:12] [Minecraft main thread/INFO] (Station|API) Resource reload finished after 26 ms
[22:20:12] [Minecraft main thread/INFO] (Station|API) TagManagerLoader took approximately 23 ms (18 ms preparing, 5 ms applying)
[22:20:12] [Minecraft main thread/INFO] (Station|API) Total blocking time: 5 ms
[22:20:12] [Minecraft main thread/INFO] (StationRenderer|API) Created: 512x512 minecraft:textures/atlas/game.png-atlas
[22:20:12] [Minecraft main thread/INFO] (Station|API) Resource reload finished after 145 ms
[22:20:12] [Minecraft main thread/INFO] (Station|API) LanguageManager took approximately 8 ms (6 ms preparing, 2 ms applying)
[22:20:12] [Minecraft main thread/INFO] (Station|API) BakedModelManager took approximately 109 ms (107 ms preparing, 2 ms applying)
[22:20:12] [Minecraft main thread/INFO] (Station|API) ItemModels took approximately 0 ms (0 ms preparing, 0 ms applying)
[22:20:12] [Minecraft main thread/INFO] (Station|API) BlockDestructionTextures took approximately 0 ms (0 ms preparing, 0 ms applying)
[22:20:12] [Minecraft main thread/INFO] (Station|API) ModTextures took approximately 13 ms (3 ms preparing, 10 ms applying)
[22:20:12] [Minecraft main thread/INFO] (Station|API) Total blocking time: 14 ms
[22:20:15] [Minecraft main thread/INFO] (derggycraft|Mod) Registered intro logo sound derggycraft:intro.ogg from jar:file:/home/dell/.local/share/PrismLauncher/instances/babric-b1.7.3_2/minecraft/mods/derggycraft-1.3.2-a.jar!/assets/derggycraft/stationapi/sounds/intro.ogg
[22:20:15] [Minecraft main thread/INFO] (derggycraft|Mod) Registered flare loop sound derggycraft:flare/flare_loop.ogg from jar:file:/home/dell/.local/share/PrismLauncher/instances/babric-b1.7.3_2/minecraft/mods/derggycraft-1.3.2-a.jar!/assets/derggycraft/stationapi/sounds/flare/flare_loop.ogg
[22:20:15] [Minecraft main thread/INFO] (derggycraft|Mod) Triggering intro logo sound playback id derggycraft:intro
[22:21:00] [Thread-18/WARN] (FabricLoader/Mixin) @Inject(@At("FIELD")) Shift.BY=5 on station-entities-v0.mixins.json:client.ClientNetworkHandlerMixin from mod station-entities-v0::handler$zem000$station-entities-v0$stationapi_captureCoords exceeds the maximum allowed value: 0. Increase the value of maxShiftBy to suppress this warning.
[22:22:05] [Minecraft main thread/INFO] (Station|API) Reloading ResourceManager: vanilla, Fabric Mods
[22:22:05] [Minecraft main thread/INFO] (StationRenderer|API) Created: 512x512 minecraft:textures/atlas/game.png-atlas
[22:22:05] [Minecraft main thread/INFO] (Station|API) Resource reload finished after 176 ms
[22:22:05] [Minecraft main thread/INFO] (Station|API) LanguageManager took approximately 3 ms (1 ms preparing, 2 ms applying)
[22:22:05] [Minecraft main thread/INFO] (Station|API) BakedModelManager took approximately 18 ms (17 ms preparing, 1 ms applying)
[22:22:05] [Minecraft main thread/INFO] (Station|API) ItemModels took approximately 0 ms (0 ms preparing, 0 ms applying)
[22:22:05] [Minecraft main thread/INFO] (Station|API) BlockDestructionTextures took approximately 0 ms (0 ms preparing, 0 ms applying)
[22:22:05] [Minecraft main thread/INFO] (Station|API) ModTextures took approximately 3 ms (0 ms preparing, 3 ms applying)
[22:22:05] [Minecraft main thread/INFO] (Station|API) Total blocking time: 6 ms
[22:22:36] [Minecraft main thread/WARN] (FabricLoader/Mixin) @Inject(@At("INVOKE")) Shift.BY=2 on station-items-v0.mixins.json:PlayerInventoryMixin from mod station-items-v0::handler$zhh000$station-items-v0$stationapi_newItemStack exceeds the maximum allowed value: 0. Increase the value of maxShiftBy to suppress this warning.
[22:22:36] [Minecraft main thread/WARN] (FabricLoader/Mixin) @Inject(@At("INVOKE")) Shift.BY=2 on station-recipes-v0.mixins.json:CraftingResultMixin from mod station-recipes-v0::handler$zjc000$station-recipes-v0$stationapi_onCrafted exceeds the maximum allowed value: 0. Increase the value of maxShiftBy to suppress this warning.
[22:22:43] [Minecraft main thread/WARN] (FabricLoader/Mixin) @ModifyVariable(@At("FIELD")) Shift.BY=3 on station-achievements-v0.mixins.json:client.AchievementsScreenMixin from mod station-achievements-v0::localvar$zdf000$station-achievements-v0$stationapi_renderBackgroundTexture exceeds the maximum allowed value: 0. Increase the value of maxShiftBy to suppress this warning.
[22:29:14] [Minecraft main thread/ERROR] (Station|API) Invalid path minecraft:%clamp%/misc/shadow.png: Invalid segment '%clamp%' in path '%clamp%/misc/shadow.png'
[22:29:14] [Minecraft main thread/ERROR] (Station|API) Invalid path minecraft:%blur%/misc/vignette.png: Invalid segment '%blur%' in path '%blur%/misc/vignette.png'
[22:29:17] [Minecraft main thread/INFO] (Station|API) Reloading ResourceManager: vanilla, Fabric Mods
[22:29:17] [Minecraft main thread/INFO] (StationRenderer|API) Created: 512x512 minecraft:textures/atlas/game.png-atlas
[22:29:17] [Minecraft main thread/INFO] (Station|API) Resource reload finished after 63 ms
[22:29:17] [Minecraft main thread/INFO] (Station|API) LanguageManager took approximately 4 ms (3 ms preparing, 1 ms applying)
[22:29:17] [Minecraft main thread/INFO] (Station|API) BakedModelManager took approximately 42 ms (42 ms preparing, 0 ms applying)
[22:29:17] [Minecraft main thread/INFO] (Station|API) ItemModels took approximately 0 ms (0 ms preparing, 0 ms applying)
[22:29:17] [Minecraft main thread/INFO] (Station|API) BlockDestructionTextures took approximately 0 ms (0 ms preparing, 0 ms applying)
[22:29:17] [Minecraft main thread/INFO] (Station|API) ModTextures took approximately 3 ms (0 ms preparing, 3 ms applying)
[22:29:17] [Minecraft main thread/INFO] (Station|API) Total blocking time: 4 ms
[22:29:21] [Minecraft main thread/ERROR] (Station|API) Invalid path minecraft:%clamp%/misc/shadow.png: Invalid segment '%clamp%' in path '%clamp%/misc/shadow.png'
[22:29:21] [Minecraft main thread/ERROR] (Station|API) Invalid path minecraft:%blur%/misc/vignette.png: Invalid segment '%blur%' in path '%blur%/misc/vignette.png'
[22:29:24] [Minecraft main thread/INFO] (Station|API) Reloading ResourceManager: vanilla, Fabric Mods
[22:29:24] [Minecraft main thread/INFO] (StationRenderer|API) Created: 512x512 minecraft:textures/atlas/game.png-atlas
[22:29:24] [Minecraft main thread/INFO] (Station|API) Resource reload finished after 29 ms
[22:29:24] [Minecraft main thread/INFO] (Station|API) LanguageManager took approximately 2 ms (1 ms preparing, 1 ms applying)
[22:29:24] [Minecraft main thread/INFO] (Station|API) BakedModelManager took approximately 13 ms (13 ms preparing, 0 ms applying)
[22:29:24] [Minecraft main thread/INFO] (Station|API) ItemModels took approximately 0 ms (0 ms preparing, 0 ms applying)
[22:29:24] [Minecraft main thread/INFO] (Station|API) BlockDestructionTextures took approximately 0 ms (0 ms preparing, 0 ms applying)
[22:29:24] [Minecraft main thread/INFO] (Station|API) ModTextures took approximately 1 ms (0 ms preparing, 1 ms applying)
[22:29:24] [Minecraft main thread/INFO] (Station|API) Total blocking time: 2 ms
