[22:15:47] [main/INFO] (FabricLoader/GameProvider) Loading Minecraft Beta 1.7.3 with Fabric Loader 0.18.4
[22:15:47] [ForkJoinPool-1-worker-2/WARN] (FabricLoader/Metadata) Mod cpm uses the version 0.6.25a which isn't compatible with Loader's extended semantic version format (Could not parse version number component '25a'!), SemVer is recommended for reliably evaluating dependencies and prioritizing newer version
[22:15:47] [ForkJoinPool-1-worker-3/WARN] (FabricLoader/Metadata) Mod com_github_mineldiver_unsafeevents uses the version e31096e which isn't compatible with Loader's extended semantic version format (Could not parse version number component 'e31096e'!), SemVer is recommended for reliably evaluating dependencies and prioritizing newer version
[22:15:48] [main/INFO] (FabricLoader) Loading 46 mods:
	- cpm 0.6.25a
	   \-- com_google_guava_failureaccess 1.0.1
	- derggycraft 1.3.2-a
	- fabricloader 0.18.4
	   \-- mixinextras 0.5.0
	- java 21
	- minecraft 1.0.0-beta.7.3
	- stationapi 2.0.0-alpha.5.4
	   |-- com_github_ben-manes_caffeine_caffeine 3.0.5
	   |-- com_github_mineldiver_unsafeevents e31096e
	   |-- com_mojang_datafixerupper 6.0.6
	   |-- it_unimi_dsi_fastutil 8.5.8
	   |-- net_jodah_typetools 0.8.3
	   |-- spasm 0.2.2
	   |-- station-achievements-v0 2.0.0-alpha.5.4
	   |-- station-api-base 2.0.0-alpha.5.4
	   |-- station-api-configuration 2.0.0-alpha.5.4
	   |-- station-armor-api-v0 2.0.0-alpha.5.4
	   |-- station-audio-loader-v0 2.0.0-alpha.5.4
	   |-- station-biome-events-v0 2.0.0-alpha.5.4
	   |-- station-blockentities-v0 2.0.0-alpha.5.4
	   |-- station-blockitems-v0 2.0.0-alpha.5.4
	   |-- station-blocks-v0 2.0.0-alpha.5.4
	   |-- station-container-api-v0 2.0.0-alpha.5.4
	   |-- station-datafixer-v0 2.0.0-alpha.5.4
	   |-- station-dimensions-v0 2.0.0-alpha.5.4
	   |-- station-effects-api-v0 2.0.0-alpha.5.4
	   |-- station-entities-v0 2.0.0-alpha.5.4
	   |-- station-flattening-v0 2.0.0-alpha.5.4
	   |-- station-gui-api-v0 2.0.0-alpha.5.4
	   |-- station-items-v0 2.0.0-alpha.5.4
	   |-- station-keybindings-v0 2.0.0-alpha.5.4
	   |-- station-lifecycle-events-v0 2.0.0-alpha.5.4
	   |-- station-localization-api-v0 2.0.0-alpha.5.4
	   |-- station-maths-v0 2.0.0-alpha.5.4
	   |-- station-nbt-v0 2.0.0-alpha.5.4
	   |-- station-networking-v0 2.0.0-alpha.5.4
	   |-- station-player-api-v0 2.0.0-alpha.5.4
	   |-- station-recipes-v0 2.0.0-alpha.5.4
	   |-- station-registry-api-v0 2.0.0-alpha.5.4
	   |-- station-registry-sync-v0 2.0.0-alpha.5.4
	   |-- station-renderer-api-v0 2.0.0-alpha.5.4
	   |-- station-renderer-arsenic 2.0.0-alpha.5.4
	   |-- station-resource-loader-v0 2.0.0-alpha.5.4
	   |-- station-templates-v0 2.0.0-alpha.5.4
	   |-- station-tools-api-v1 2.0.0-alpha.5.4
	   |-- station-transitive-access-wideners-v0 2.0.0-alpha.5.4
	   |-- station-vanilla-checker-v0 2.0.0-alpha.5.4
	   |-- station-vanilla-fix-v0 2.0.0-alpha.5.4
	   |-- station-world-events-v0 2.0.0-alpha.5.4
	   \-- station-worldgen-api-v0 2.0.0-alpha.5.4
[22:15:48] [main/INFO] (FabricLoader/Mixin) SpongePowered MIXIN Subsystem Version=0.8.7 Source=file:/F:/MuffinMode-Sammy-Beta-Testing/libraries/net/fabricmc/sponge-mixin/0.17.0+mixin.0.8.7/sponge-mixin-0.17.0+mixin.0.8.7.jar Service=Knot/Fabric Env=SERVER
[22:15:48] [main/INFO] (FabricLoader/Mixin) Compatibility level set to JAVA_17
[22:15:48] [main/WARN] (FabricLoader/Mixin) Error loading class: net/minecraft/class_336 (java.lang.ClassNotFoundException: net/minecraft/class_336)
[22:15:48] [main/WARN] (FabricLoader/Mixin) @Mixin target net.minecraft.class_336 was not found derggycraft.mixins.json:client.DynamicTextureAccessor from mod derggycraft
[22:15:48] [main/WARN] (FabricLoader/Mixin) Error loading class: net/minecraft/class_92 (java.lang.ClassNotFoundException: net/minecraft/class_92)
[22:15:48] [main/WARN] (FabricLoader/Mixin) @Mixin target net.minecraft.class_92 was not found derggycraft.mixins.json:client.ItemRendererMixin from mod derggycraft
[22:15:48] [main/WARN] (FabricLoader/Mixin) Error loading class: net/minecraft/client/Minecraft (java.lang.ClassNotFoundException: net/minecraft/client/Minecraft)
[22:15:48] [main/WARN] (FabricLoader/Mixin) @Mixin target net.minecraft.client.Minecraft was not found derggycraft.mixins.json:client.MinecraftMixin from mod derggycraft
[22:15:49] [main/INFO] (Station|API) Initializing Station API...
[22:15:49] [main/INFO] (Station|API) Loading entrypoints...
[22:15:49] [main/INFO] (Station|API) Setting up "derggycraft" "stationapi:event_bus" "net.noahsarch.derggycraft.DerggyCraft" entrypoint...
[22:15:49] [main/INFO] (FabricLoader/MixinExtras|Service) Initializing MixinExtras via com.llamalad7.mixinextras.service.MixinExtrasServiceImpl(version=0.5.0).
[22:15:49] [main/INFO] (Station|API) Setting up "station-api-base" "stationapi:event_bus" "net.modificationstation.stationapi.impl.mod.DeprecatedInitEventsImpl" entrypoint...
[22:15:49] [main/INFO] (Station|API) Setting up "station-blockitems-v0" "stationapi:event_bus" "net.modificationstation.stationapi.impl.block.HasMetaBlockItemImpl" entrypoint...
[22:15:49] [main/INFO] (Station|API) Setting up "station-blockitems-v0" "stationapi:event_bus" "net.modificationstation.stationapi.impl.block.HasMetaNamedBlockItemImpl" entrypoint...
[22:15:49] [main/INFO] (Station|API) Setting up "station-blockitems-v0" "stationapi:event_bus" "net.modificationstation.stationapi.impl.block.HasCustomBlockItemFactoryImpl" entrypoint...
[22:15:49] [main/INFO] (Station|API) Setting up "station-blockitems-v0" "stationapi:event_bus" "net.modificationstation.stationapi.impl.block.BlockFormOnlyHandler" entrypoint...
[22:15:49] [main/INFO] (Station|API) Setting up "station-effects-api-v0" "stationapi:event_bus" "net.modificationstation.stationapi.impl.effect.EffectsRegisterListener" entrypoint...
[22:15:49] [main/INFO] (Station|API) Setting up "station-flattening-v0" "stationapi:event_bus" "net.modificationstation.stationapi.api.block.States" entrypoint...
[22:15:49] [main/INFO] (Station|API) Setting up "station-flattening-v0" "stationapi:event_bus" "net.modificationstation.stationapi.impl.block.PlacementStateImpl" entrypoint...
[22:15:49] [main/INFO] (Station|API) Setting up "station-flattening-v0" "stationapi:event_bus" "net.modificationstation.stationapi.impl.world.WorldDataVersionImpl" entrypoint...
[22:15:49] [main/INFO] (Station|API) Setting up "station-flattening-v0" "stationapi:event_bus" "net.modificationstation.stationapi.impl.block.BlockInteractionImpl" entrypoint...
[22:15:49] [main/INFO] (Station|API) Setting up "station-items-v0" "stationapi:event_bus" "net.modificationstation.stationapi.impl.entity.player.ItemCustomReachImpl" entrypoint...
[22:15:49] [main/INFO] (Station|API) Setting up "station-items-v0" "stationapi:event_bus" "net.modificationstation.stationapi.impl.dispenser.CustomDispenseBehaviorImpl" entrypoint...
[22:15:49] [main/INFO] (Station|API) Setting up "station-networking-v0" "stationapi:event_bus" "net.modificationstation.stationapi.impl.network.packet.StationNetworkingInit" entrypoint...
[22:15:49] [main/INFO] (Station|API) Setting up "station-recipes-v0" "stationapi:event_bus" "net.modificationstation.stationapi.impl.recipe.json.JsonRecipeParserRegisterImpl" entrypoint...
[22:15:49] [main/INFO] (Station|API) Setting up "station-recipes-v0" "stationapi:event_bus" "net.modificationstation.stationapi.impl.recipe.JsonRecipeParserInit" entrypoint...
[22:15:49] [main/INFO] (Station|API) Setting up "station-recipes-v0" "stationapi:event_bus" "net.modificationstation.stationapi.impl.recipe.JsonRecipesLoader" entrypoint...
[22:15:49] [main/INFO] (Station|API) Setting up "station-recipes-v0" "stationapi:event_bus" "net.modificationstation.stationapi.api.recipe.FuelRegistry" entrypoint...
[22:15:49] [main/INFO] (Station|API) Setting up "station-registry-api-v0" "stationapi:event_bus" "net.modificationstation.stationapi.impl.registry.WorldRegistryRemapper" entrypoint...
[22:15:49] [main/INFO] (Station|API) Setting up "station-registry-api-v0" "stationapi:event_bus" "net.modificationstation.stationapi.impl.registry.TagReloaderImpl" entrypoint...
[22:15:49] [main/INFO] (Station|API) Setting up "station-registry-sync-v0" "stationapi:event_bus" "net.modificationstation.stationapi.impl.network.RegistryNetworkingInit" entrypoint...
[22:15:49] [main/INFO] (Station|API) Setting up "station-resource-loader-v0" "stationapi:event_bus" "net.modificationstation.stationapi.impl.resource.DataReloaderImpl" entrypoint...
[22:15:49] [main/INFO] (Station|API) Setting up "station-tools-api-v1" "stationapi:event_bus" "net.modificationstation.stationapi.impl.item.HijackShearsImplV1" entrypoint...
[22:15:49] [main/INFO] (Station|API) Setting up "station-vanilla-checker-v0" "stationapi:event_bus" "net.modificationstation.stationapi.impl.network.VanillaChecker" entrypoint...
[22:15:49] [main/INFO] (Station|API) Setting up "station-vanilla-fix-v0" "stationapi:event_bus" "net.modificationstation.stationapi.impl.vanillafix.block.VanillaBlockFixImpl" entrypoint...
[22:15:49] [main/INFO] (Station|API) Setting up "station-vanilla-fix-v0" "stationapi:event_bus" "net.modificationstation.stationapi.impl.vanillafix.item.VanillaItemFixImpl" entrypoint...
[22:15:49] [main/INFO] (Station|API) Setting up "station-vanilla-fix-v0" "stationapi:event_bus" "net.modificationstation.stationapi.impl.vanillafix.dimension.VanillaDimensionFixImpl" entrypoint...
[22:15:49] [main/INFO] (Station|API) Setting up "station-vanilla-fix-v0" "stationapi:event_bus" "net.modificationstation.stationapi.impl.vanillafix.recipe.VanillaFuelItemFixImpl" entrypoint...
[22:15:49] [main/INFO] (Station|API) Setting up "station-vanilla-fix-v0" "stationapi:event_bus" "net.modificationstation.stationapi.impl.vanillafix.datafixer.VanillaDataFixerImpl" entrypoint...
[22:15:49] [main/INFO] (Station|API) Setting up "station-worldgen-api-v0" "stationapi:event_bus" "net.modificationstation.stationapi.impl.worldgen.WorldgenListener" entrypoint...
[22:15:49] [main/INFO] (Station|API) Setting up "cpm" "stationapi:event_bus_server" "com.tom.cpm.server.CPMServer" entrypoint...
[22:15:49] [main/INFO] (Station|API) Setting up "station-entities-v0" "stationapi:event_bus_server" "net.modificationstation.stationapi.impl.server.entity.CustomTrackingImpl" entrypoint...
[22:15:49] [main/INFO] (Station|API) Setting up "station-entities-v0" "stationapi:event_bus_server" "net.modificationstation.stationapi.impl.server.entity.TrackingParametersImpl" entrypoint...
[22:15:49] [main/INFO] (Station|API) Setting up "station-registry-sync-v0" "stationapi:event_bus_server" "net.modificationstation.stationapi.impl.server.registry.ServerRegistrySender" entrypoint...
[22:15:49] [main/INFO] (Station|API) Setting up "station-registry-sync-v0" "stationapi:event_bus_server" "net.modificationstation.stationapi.impl.server.registry.ServerRegistrySynchronizer" entrypoint...
[22:15:49] [main/INFO] (Station|API) Setting up "station-vanilla-checker-v0" "stationapi:event_bus_server" "net.modificationstation.stationapi.impl.server.network.ServerVanillaChecker" entrypoint...
[22:15:49] [main/INFO] (Station|API) Invoking Init event...
[22:15:49] [main/INFO] (Station|API) Searching for JSON recipes...
[22:15:49] [main/INFO] (Station|API) Gathering mods that require client verification...
[22:15:49] [main/INFO] (Station|API) Finished Station API setup.
[22:15:50] [main/INFO] (Station|API) Added vanilla blocks to the registry.
[22:15:50] [main/INFO] (Station|API) Added vanilla items to the registry.
[22:15:50] [main/INFO] (CPM) Customizable Player Models Initialized
[22:15:50] [main/INFO] (CPM) Loaded plugins: (0)

[22:15:50] [Server thread/INFO] (Station|API) Reloading ResourceManager: vanilla, Fabric Mods
[22:15:51] [Server thread/INFO] (Station|API) Resource reload finished after 94 ms
[22:15:51] [Server thread/INFO] (Station|API) TagManagerLoader took approximately 87 ms (76 ms preparing, 11 ms applying)
[22:15:51] [Server thread/INFO] (Station|API) Total blocking time: 11 ms
[22:20:46] [Listen thread/WARN] (FabricLoader/Mixin) @Inject(@At("INVOKE")) Shift.BY=2 on station-vanilla-checker-v0.mixins.json:server.ServerLoginNetworkHandlerMixin from mod station-vanilla-checker-v0::handler$zhl000$station-vanilla-checker-v0$stationapi_checkModded exceeds the maximum allowed value: 0. Increase the value of maxShiftBy to suppress this warning.
[22:20:46] [Server thread/WARN] (FabricLoader/Mixin) @Inject(@At("INVOKE")) Shift.BY=2 on station-items-v0.mixins.json:PlayerInventoryMixin from mod station-items-v0::handler$zfh000$station-items-v0$stationapi_newItemStack exceeds the maximum allowed value: 0. Increase the value of maxShiftBy to suppress this warning.
[22:20:46] [Server thread/WARN] (FabricLoader/Mixin) @Inject(@At("INVOKE")) Shift.BY=2 on station-recipes-v0.mixins.json:CraftingResultMixin from mod station-recipes-v0::handler$zgl000$station-recipes-v0$stationapi_onCrafted exceeds the maximum allowed value: 0. Increase the value of maxShiftBy to suppress this warning.
