[20:49:28] [main/INFO] (FabricLoader/GameProvider) Loading Minecraft Beta 1.7.3 with Fabric Loader 0.17.3
[20:49:29] [ForkJoinPool-1-worker-1/WARN] (FabricLoader/Metadata) Mod cpm uses the version 0.6.25a which isn't compatible with Loader's extended semantic version format (Could not parse version number component '25a'!), SemVer is recommended for reliably evaluating dependencies and prioritizing newer version
[20:49:29] [main/INFO] (FabricLoader) Loading 48 mods:
	- cpm 0.6.25a
	   \-- com_google_guava_failureaccess 1.0.1
	- derggycraft 1.3.2-e
	- fabricloader 0.17.3
	- gambac 1.3.1
	- java 21
	- minecraft 1.0.0-beta.7.3
	- mixinextras 0.5.0
	- modmenu 1.1.1
	- spasm 0.2.2
	- station-achievements-v0 2.0.0-alpha.5.4
	- station-api-base 2.0.0-alpha.5.4
	- station-api-configuration 2.0.0-alpha.5.4
	- station-armor-api-v0 2.0.0-alpha.5.4
	- station-audio-loader-v0 2.0.0-alpha.5.4
	- station-biome-events-v0 2.0.0-alpha.5.4
	- station-blockentities-v0 2.0.0-alpha.5.4
	- station-blockitems-v0 2.0.0-alpha.5.4
	- station-blocks-v0 2.0.0-alpha.5.4
	- station-container-api-v0 2.0.0-alpha.5.4
	- station-datafixer-v0 2.0.0-alpha.5.4
	- station-dimensions-v0 2.0.0-alpha.5.4
	- station-effects-api-v0 2.0.0-alpha.5.4
	- station-entities-v0 2.0.0-alpha.5.4
	- station-flattening-v0 2.0.0-alpha.5.4
	- station-gui-api-v0 2.0.0-alpha.5.4
	- station-items-v0 2.0.0-alpha.5.4
	- station-keybindings-v0 2.0.0-alpha.5.4
	- station-lifecycle-events-v0 2.0.0-alpha.5.4
	- station-localization-api-v0 2.0.0-alpha.5.4
	- station-maths-v0 2.0.0-alpha.5.4
	- station-nbt-v0 2.0.0-alpha.5.4
	- station-networking-v0 2.0.0-alpha.5.4
	- station-player-api-v0 2.0.0-alpha.5.4
	- station-recipes-v0 2.0.0-alpha.5.4
	- station-registry-api-v0 2.0.0-alpha.5.4
	- station-registry-sync-v0 2.0.0-alpha.5.4
	- station-renderer-api-v0 2.0.0-alpha.5.4
	- station-renderer-arsenic 2.0.0-alpha.5.4
	- station-resource-loader-v0 2.0.0-alpha.5.4
	- station-templates-v0 2.0.0-alpha.5.4
	- station-tools-api-v1 2.0.0-alpha.5.4
	- station-transitive-access-wideners-v0 2.0.0-alpha.5.4
	- station-vanilla-checker-v0 2.0.0-alpha.5.4
	- station-vanilla-fix-v0 2.0.0-alpha.5.4
	- station-world-events-v0 2.0.0-alpha.5.4
	- station-worldgen-api-v0 2.0.0-alpha.5.4
	- stationapi 2.0.0-alpha.5.4
[20:49:32] [main/INFO] (FabricLoader/Mixin) SpongePowered MIXIN Subsystem Version=0.8.7 Source=file:/C:/Users/Admin/.gradle/caches/modules-2/files-2.1/net.fabricmc/sponge-mixin/0.16.5+mixin.0.8.7/80fc3a9f592673cea87f4cd702f87991c6c9fe4d/sponge-mixin-0.16.5+mixin.0.8.7.jar Service=Knot/Fabric Env=CLIENT
[20:49:32] [main/INFO] (FabricLoader/Mixin) Loaded Fabric development mappings for mixin remapper!
[20:49:33] [main/INFO] (FabricLoader/Mixin) Compatibility level set to JAVA_17
[20:49:34] [main/INFO] (Station|API) Initializing Station API...
[20:49:34] [main/INFO] (Station|API) Loading entrypoints...
[20:49:34] [main/INFO] (Station|API) Setting up "station-tools-api-v1" "stationapi:event_bus" "net.modificationstation.stationapi.impl.item.HijackShearsImplV1" entrypoint...
[20:49:34] [main/INFO] (FabricLoader/MixinExtras|Service) Initializing MixinExtras via com.llamalad7.mixinextras.service.MixinExtrasServiceImpl(version=0.5.0).
[20:49:34] [main/INFO] (Station|API) Setting up "station-flattening-v0" "stationapi:event_bus" "net.modificationstation.stationapi.api.block.States" entrypoint...
[20:49:34] [main/INFO] (Station|API) Setting up "station-flattening-v0" "stationapi:event_bus" "net.modificationstation.stationapi.impl.block.PlacementStateImpl" entrypoint...
[20:49:34] [main/INFO] (Station|API) Setting up "station-flattening-v0" "stationapi:event_bus" "net.modificationstation.stationapi.impl.world.WorldDataVersionImpl" entrypoint...
[20:49:34] [main/INFO] (Station|API) Setting up "station-flattening-v0" "stationapi:event_bus" "net.modificationstation.stationapi.impl.block.BlockInteractionImpl" entrypoint...
[20:49:34] [main/INFO] (Station|API) Setting up "station-api-base" "stationapi:event_bus" "net.modificationstation.stationapi.impl.mod.DeprecatedInitEventsImpl" entrypoint...
[20:49:34] [main/INFO] (Station|API) Setting up "station-recipes-v0" "stationapi:event_bus" "net.modificationstation.stationapi.impl.recipe.json.JsonRecipeParserRegisterImpl" entrypoint...
[20:49:34] [main/INFO] (Station|API) Setting up "station-recipes-v0" "stationapi:event_bus" "net.modificationstation.stationapi.impl.recipe.JsonRecipeParserInit" entrypoint...
[20:49:34] [main/INFO] (Station|API) Setting up "station-recipes-v0" "stationapi:event_bus" "net.modificationstation.stationapi.impl.recipe.JsonRecipesLoader" entrypoint...
[20:49:34] [main/INFO] (Station|API) Setting up "station-recipes-v0" "stationapi:event_bus" "net.modificationstation.stationapi.api.recipe.FuelRegistry" entrypoint...
[20:49:34] [main/INFO] (Station|API) Setting up "station-networking-v0" "stationapi:event_bus" "net.modificationstation.stationapi.impl.network.packet.StationNetworkingInit" entrypoint...
[20:49:34] [main/INFO] (Station|API) Setting up "station-resource-loader-v0" "stationapi:event_bus" "net.modificationstation.stationapi.impl.resource.DataReloaderImpl" entrypoint...
[20:49:34] [main/INFO] (Station|API) Setting up "station-registry-api-v0" "stationapi:event_bus" "net.modificationstation.stationapi.impl.registry.WorldRegistryRemapper" entrypoint...
[20:49:34] [main/INFO] (Station|API) Setting up "station-registry-api-v0" "stationapi:event_bus" "net.modificationstation.stationapi.impl.registry.TagReloaderImpl" entrypoint...
[20:49:34] [main/INFO] (Station|API) Setting up "station-vanilla-checker-v0" "stationapi:event_bus" "net.modificationstation.stationapi.impl.network.VanillaChecker" entrypoint...
[20:49:34] [main/INFO] (Station|API) Setting up "station-worldgen-api-v0" "stationapi:event_bus" "net.modificationstation.stationapi.impl.worldgen.WorldgenListener" entrypoint...
[20:49:34] [main/INFO] (Station|API) Setting up "station-blockitems-v0" "stationapi:event_bus" "net.modificationstation.stationapi.impl.block.HasMetaBlockItemImpl" entrypoint...
[20:49:34] [main/INFO] (Station|API) Setting up "station-blockitems-v0" "stationapi:event_bus" "net.modificationstation.stationapi.impl.block.HasMetaNamedBlockItemImpl" entrypoint...
[20:49:34] [main/INFO] (Station|API) Setting up "station-blockitems-v0" "stationapi:event_bus" "net.modificationstation.stationapi.impl.block.HasCustomBlockItemFactoryImpl" entrypoint...
[20:49:34] [main/INFO] (Station|API) Setting up "station-blockitems-v0" "stationapi:event_bus" "net.modificationstation.stationapi.impl.block.BlockFormOnlyHandler" entrypoint...
[20:49:34] [main/INFO] (Station|API) Setting up "derggycraft" "stationapi:event_bus" "net.noahsarch.derggycraft.DerggyCraft" entrypoint...
[20:49:34] [main/INFO] (Station|API) Setting up "station-effects-api-v0" "stationapi:event_bus" "net.modificationstation.stationapi.impl.effect.EffectsRegisterListener" entrypoint...
[20:49:34] [main/INFO] (Station|API) Setting up "station-vanilla-fix-v0" "stationapi:event_bus" "net.modificationstation.stationapi.impl.vanillafix.block.VanillaBlockFixImpl" entrypoint...
[20:49:34] [main/INFO] (Station|API) Setting up "station-vanilla-fix-v0" "stationapi:event_bus" "net.modificationstation.stationapi.impl.vanillafix.item.VanillaItemFixImpl" entrypoint...
[20:49:34] [main/INFO] (Station|API) Setting up "station-vanilla-fix-v0" "stationapi:event_bus" "net.modificationstation.stationapi.impl.vanillafix.dimension.VanillaDimensionFixImpl" entrypoint...
[20:49:34] [main/INFO] (Station|API) Setting up "station-vanilla-fix-v0" "stationapi:event_bus" "net.modificationstation.stationapi.impl.vanillafix.recipe.VanillaFuelItemFixImpl" entrypoint...
[20:49:34] [main/INFO] (Station|API) Setting up "station-vanilla-fix-v0" "stationapi:event_bus" "net.modificationstation.stationapi.impl.vanillafix.datafixer.VanillaDataFixerImpl" entrypoint...
[20:49:34] [main/INFO] (Station|API) Setting up "station-registry-sync-v0" "stationapi:event_bus" "net.modificationstation.stationapi.impl.network.RegistryNetworkingInit" entrypoint...
[20:49:34] [main/INFO] (Station|API) Setting up "station-items-v0" "stationapi:event_bus" "net.modificationstation.stationapi.impl.entity.player.ItemCustomReachImpl" entrypoint...
[20:49:34] [main/INFO] (Station|API) Setting up "station-items-v0" "stationapi:event_bus" "net.modificationstation.stationapi.impl.dispenser.CustomDispenseBehaviorImpl" entrypoint...
[20:49:34] [main/INFO] (Station|API) Setting up "station-renderer-arsenic" "stationapi:event_bus_client" "net.modificationstation.stationapi.impl.client.arsenic.Arsenic" entrypoint...
[20:49:34] [main/INFO] (Station|API) Setting up "station-resource-loader-v0" "stationapi:event_bus_client" "net.modificationstation.stationapi.impl.client.resource.AssetsReloaderImpl" entrypoint...
[20:49:34] [main/INFO] (Station|API) Setting up "station-renderer-api-v0" "stationapi:event_bus_client" "net.modificationstation.stationapi.impl.client.texture.StationRenderImpl" entrypoint...
[20:49:34] [main/INFO] (Station|API) Setting up "station-vanilla-checker-v0" "stationapi:event_bus_client" "net.modificationstation.stationapi.impl.client.network.ClientVanillaChecker" entrypoint...
[20:49:34] [main/INFO] (Station|API) Setting up "station-localization-api-v0" "stationapi:event_bus_client" "net.modificationstation.stationapi.api.resource.language.LanguageManager" entrypoint...
[20:49:35] [main/INFO] (Station|API) Setting up "station-entities-v0" "stationapi:event_bus_client" "net.modificationstation.stationapi.impl.client.network.EntityClientNetworkHandler" entrypoint...
[20:49:35] [main/INFO] (Station|API) Setting up "station-achievements-v0" "stationapi:event_bus_client" "net.modificationstation.stationapi.impl.client.gui.screen.achievement.AchievementPageImpl" entrypoint...
[20:49:35] [main/INFO] (Station|API) Setting up "cpm" "stationapi:event_bus_client" "com.tom.cpm.client.CPMClient" entrypoint...
[20:49:35] [main/INFO] (Station|API) Setting up "station-container-api-v0" "stationapi:event_bus_client" "net.modificationstation.stationapi.impl.client.network.GuiClientNetworkHandler" entrypoint...
[20:49:35] [main/INFO] (Station|API) Setting up "station-gui-api-v0" "stationapi:event_bus_client" "net.modificationstation.stationapi.impl.client.gui.screen.EditWorldScreenImpl" entrypoint...
[20:49:35] [main/INFO] (Station|API) Setting up "derggycraft" "stationapi:event_bus_client" "net.noahsarch.derggycraft.client.TextureRegistry" entrypoint...
[20:49:35] [main/INFO] (Station|API) Setting up "derggycraft" "stationapi:event_bus_client" "net.noahsarch.derggycraft.client.network.ClientMusicSyncNetworking" entrypoint...
[20:49:35] [main/INFO] (Station|API) Setting up "station-vanilla-fix-v0" "stationapi:event_bus_client" "net.modificationstation.stationapi.impl.vanillafix.client.gui.screen.EditWorldScreenImpl" entrypoint...
[20:49:35] [main/INFO] (Station|API) Setting up "station-vanilla-fix-v0" "stationapi:event_bus_client" "net.modificationstation.stationapi.impl.vanillafix.client.color.block.VanillaBlockColorProviders" entrypoint...
[20:49:35] [main/INFO] (Station|API) Setting up "station-registry-sync-v0" "stationapi:event_bus_client" "net.modificationstation.stationapi.impl.client.registry.ClientServerRegistryRemapper" entrypoint...
[20:49:35] [main/INFO] (Station|API) Setting up "station-registry-sync-v0" "stationapi:event_bus_client" "net.modificationstation.stationapi.impl.client.registry.ClientRegistryRestorer" entrypoint...
[20:49:35] [main/INFO] (Station|API) Setting up "station-items-v0" "stationapi:event_bus_client" "net.modificationstation.stationapi.impl.client.render.item.CustomItemOverlayImpl" entrypoint...
[20:49:35] [main/INFO] (Station|API) Setting up "station-items-v0" "stationapi:event_bus_client" "net.modificationstation.stationapi.impl.client.gui.screen.container.CustomTooltipRendererImpl" entrypoint...
[20:49:35] [main/INFO] (Station|API) Invoking Init event...
[20:49:35] [main/INFO] (Station|API) Searching for JSON recipes...
[20:49:35] [main/INFO] (Station|API) Gathering mods that require client verification...
[20:49:35] [main/INFO] (Arsenic) Registering Arsenic renderer!
[20:49:35] [main/INFO] (Station|API) Finished Station API setup.
[20:49:38] [AWT-EventQueue-0/INFO] (Station|API) Added vanilla blocks to the registry.
[20:49:38] [AWT-EventQueue-0/INFO] (Station|API) Added vanilla items to the registry.
[20:49:39] [AWT-EventQueue-0/INFO] (CPM) Customizable Player Models Initialized
[20:49:39] [AWT-EventQueue-0/INFO] (CPM) Loaded plugins: (0)

[20:49:39] [CPM Background Loading Thread/INFO] (CPM) [VersionChecker] Starting CPM version checker...
[20:49:39] [AWT-EventQueue-0/INFO] (CPM) Loaded 0 built-in, 0 custom block tags
[20:49:39] [AWT-EventQueue-0/INFO] (CPM) Loaded 6 built-in, 0 custom item tags
[20:49:39] [AWT-EventQueue-0/INFO] (CPM) Loaded 0 built-in, 0 custom entity tags
[20:49:39] [AWT-EventQueue-0/INFO] (CPM) Loaded 0 built-in, 0 custom biome tags
[20:49:40] [CPM Background Loading Thread/INFO] (CPM) [VersionChecker] Current: 0.6.25a Target: 0.6.25a Up-to-date
[20:49:45] [Thread-3/INFO] (Station|API) Reloading ResourceManager: vanilla, Fabric Mods
[20:49:45] [Thread-3/INFO] (Station|API) Reloading ResourceManager: vanilla, Fabric Mods
[20:49:47] [AWT-EventQueue-0/INFO] (StationRenderer|API) Created: 512x512 minecraft:textures/atlas/game.png-atlas
[20:49:48] [AWT-EventQueue-0/INFO] (Station|API) Resource reload finished after 2439 ms
[20:49:48] [AWT-EventQueue-0/INFO] (Station|API) TagManagerLoader took approximately 409 ms (152 ms preparing, 257 ms applying)
[20:49:48] [AWT-EventQueue-0/INFO] (Station|API) Total blocking time: 257 ms
[20:49:48] [AWT-EventQueue-0/INFO] (Station|API) Resource reload finished after 2463 ms
[20:49:48] [AWT-EventQueue-0/INFO] (Station|API) LanguageManager took approximately 193 ms (152 ms preparing, 41 ms applying)
[20:49:48] [AWT-EventQueue-0/INFO] (Station|API) BakedModelManager took approximately 1310 ms (1209 ms preparing, 101 ms applying)
[20:49:48] [AWT-EventQueue-0/INFO] (Station|API) ItemModels took approximately 5 ms (0 ms preparing, 5 ms applying)
[20:49:48] [AWT-EventQueue-0/INFO] (Station|API) BlockDestructionTextures took approximately 29 ms (0 ms preparing, 29 ms applying)
[20:49:48] [AWT-EventQueue-0/INFO] (Station|API) ModTextures took approximately 600 ms (59 ms preparing, 541 ms applying)
[20:49:48] [AWT-EventQueue-0/INFO] (Station|API) Total blocking time: 717 ms
[20:49:52] [AWT-EventQueue-0/INFO] (derggycraft|Mod) Registered intro logo sound derggycraft:intro.ogg from file:/F:/DerggyCraft/build/resources/main/assets/derggycraft/stationapi/sounds/intro.ogg
[20:49:52] [AWT-EventQueue-0/INFO] (derggycraft|Mod) Registered flare loop sound derggycraft:flare/flare_loop.ogg from file:/F:/DerggyCraft/build/resources/main/assets/derggycraft/stationapi/sounds/flare/flare_loop.ogg
[20:49:52] [AWT-EventQueue-0/INFO] (derggycraft|Mod) Triggering intro logo sound playback id derggycraft:intro
[20:50:23] [Thread-13/WARN] (FabricLoader/Mixin) @Inject(@At("FIELD")) Shift.BY=5 on station-entities-v0.mixins.json:client.ClientNetworkHandlerMixin from mod station-entities-v0::handler$zhm000$station-entities-v0$stationapi_captureCoords exceeds the maximum allowed value: 0. Increase the value of maxShiftBy to suppress this warning.
[20:50:23] [AWT-EventQueue-0/WARN] (FabricLoader/Mixin) @Inject(@At("INVOKE")) Shift.BY=2 on station-items-v0.mixins.json:PlayerInventoryMixin from mod station-items-v0::handler$znc000$station-items-v0$stationapi_newItemStack exceeds the maximum allowed value: 0. Increase the value of maxShiftBy to suppress this warning.
[20:50:23] [AWT-EventQueue-0/WARN] (FabricLoader/Mixin) @Inject(@At("INVOKE")) Shift.BY=2 on station-recipes-v0.mixins.json:CraftingResultMixin from mod station-recipes-v0::handler$zff000$station-recipes-v0$stationapi_onCrafted exceeds the maximum allowed value: 0. Increase the value of maxShiftBy to suppress this warning.
[20:50:24] [AWT-EventQueue-0/WARN] (FabricLoader/Mixin) @ModifyVariable(@At("FIELD")) Shift.BY=3 on station-achievements-v0.mixins.json:client.AchievementsScreenMixin from mod station-achievements-v0::localvar$zhp000$station-achievements-v0$stationapi_renderBackgroundTexture exceeds the maximum allowed value: 0. Increase the value of maxShiftBy to suppress this warning.
[20:50:25] [CPM Background Loading Thread/ERROR] (CPM) Failed to load model
java.lang.NullPointerException: Cannot invoke "java.util.List.forEach(java.util.function.Consumer)" because "this.cubes" is null
	at com.tom.cpm.shared.definition.ModelDefinition.resetAnimationPos(ModelDefinition.java:272) ~[cpm-0.6.25a-64b5720b4b825f21.jar:?]
	at com.tom.cpm.shared.definition.ModelDefinition.resolveAll(ModelDefinition.java:202) ~[cpm-0.6.25a-64b5720b4b825f21.jar:?]
	at com.tom.cpm.shared.definition.ModelDefinition.lambda$startResolve$0(ModelDefinition.java:112) ~[cpm-0.6.25a-64b5720b4b825f21.jar:?]
	at java.util.concurrent.ThreadPoolExecutor.runWorker(ThreadPoolExecutor.java:1144) ~[?:?]
	at java.util.concurrent.ThreadPoolExecutor$Worker.run(ThreadPoolExecutor.java:642) ~[?:?]
	at java.lang.Thread.run(Thread.java:1583) ~[?:?]
