[21:09:34] [main/INFO] (FabricLoader/GameProvider) Loading Minecraft Beta 1.7.3 with Fabric Loader 0.18.4
[21:09:34] [ForkJoinPool-1-worker-5/WARN] (FabricLoader/Metadata) Mod cpm uses the version 0.6.25a which isn't compatible with Loader's extended semantic version format (Could not parse version number component '25a'!), SemVer is recommended for reliably evaluating dependencies and prioritizing newer version
[21:09:34] [main/INFO] (FabricLoader) Loading 48 mods:
	- cpm 0.6.25a
	   \-- com_google_guava_failureaccess 1.0.1
	- derggycraft 1.3.2-f
	- fabricloader 0.18.4
	- gambac 1.3.1
	- java 21
	- minecraft 1.0.0-beta.7.3
	- mixinextras 0.5.0
	- modmenu 1.1.1
	- spasm 0.2.2
	- station-achievements-v0 2.0.0-alpha.5.4
	- station-api-base 2.0.0-alpha.5.4
	- station-api-configuration 2.0.0-alpha.5.4
	- station-armor-api-v0 2.0.0-alpha.5.4
	- station-audio-loader-v0 2.0.0-alpha.5.4
	- station-biome-events-v0 2.0.0-alpha.5.4
	- station-blockentities-v0 2.0.0-alpha.5.4
	- station-blockitems-v0 2.0.0-alpha.5.4
	- station-blocks-v0 2.0.0-alpha.5.4
	- station-container-api-v0 2.0.0-alpha.5.4
	- station-datafixer-v0 2.0.0-alpha.5.4
	- station-dimensions-v0 2.0.0-alpha.5.4
	- station-effects-api-v0 2.0.0-alpha.5.4
	- station-entities-v0 2.0.0-alpha.5.4
	- station-flattening-v0 2.0.0-alpha.5.4
	- station-gui-api-v0 2.0.0-alpha.5.4
	- station-items-v0 2.0.0-alpha.5.4
	- station-keybindings-v0 2.0.0-alpha.5.4
	- station-lifecycle-events-v0 2.0.0-alpha.5.4
	- station-localization-api-v0 2.0.0-alpha.5.4
	- station-maths-v0 2.0.0-alpha.5.4
	- station-nbt-v0 2.0.0-alpha.5.4
	- station-networking-v0 2.0.0-alpha.5.4
	- station-player-api-v0 2.0.0-alpha.5.4
	- station-recipes-v0 2.0.0-alpha.5.4
	- station-registry-api-v0 2.0.0-alpha.5.4
	- station-registry-sync-v0 2.0.0-alpha.5.4
	- station-renderer-api-v0 2.0.0-alpha.5.4
	- station-renderer-arsenic 2.0.0-alpha.5.4
	- station-resource-loader-v0 2.0.0-alpha.5.4
	- station-templates-v0 2.0.0-alpha.5.4
	- station-tools-api-v1 2.0.0-alpha.5.4
	- station-transitive-access-wideners-v0 2.0.0-alpha.5.4
	- station-vanilla-checker-v0 2.0.0-alpha.5.4
	- station-vanilla-fix-v0 2.0.0-alpha.5.4
	- station-world-events-v0 2.0.0-alpha.5.4
	- station-worldgen-api-v0 2.0.0-alpha.5.4
	- stationapi 2.0.0-alpha.5.4
[21:09:38] [main/INFO] (FabricLoader/Mixin) SpongePowered MIXIN Subsystem Version=0.8.7 Source=file:/C:/Users/Admin/.gradle/caches/modules-2/files-2.1/net.fabricmc/sponge-mixin/0.17.0+mixin.0.8.7/cf31463202f72d03b0ef1e1e38e8ee71b7faaab6/sponge-mixin-0.17.0+mixin.0.8.7.jar Service=Knot/Fabric Env=CLIENT
[21:09:38] [main/INFO] (FabricLoader/Mixin) Loaded Fabric development mappings for mixin remapper!
[21:09:39] [main/INFO] (FabricLoader/Mixin) Compatibility level set to JAVA_17
[21:09:42] [main/INFO] (Station|API) Initializing Station API...
[21:09:42] [main/INFO] (Station|API) Loading entrypoints...
[21:09:42] [main/INFO] (Station|API) Setting up "station-tools-api-v1" "stationapi:event_bus" "net.modificationstation.stationapi.impl.item.HijackShearsImplV1" entrypoint...
[21:09:42] [main/INFO] (Station|API) Setting up "station-registry-api-v0" "stationapi:event_bus" "net.modificationstation.stationapi.impl.registry.WorldRegistryRemapper" entrypoint...
[21:09:42] [main/INFO] (Station|API) Setting up "station-registry-api-v0" "stationapi:event_bus" "net.modificationstation.stationapi.impl.registry.TagReloaderImpl" entrypoint...
[21:09:42] [main/INFO] (Station|API) Setting up "station-items-v0" "stationapi:event_bus" "net.modificationstation.stationapi.impl.entity.player.ItemCustomReachImpl" entrypoint...
[21:09:42] [main/INFO] (Station|API) Setting up "station-items-v0" "stationapi:event_bus" "net.modificationstation.stationapi.impl.dispenser.CustomDispenseBehaviorImpl" entrypoint...
[21:09:42] [main/INFO] (Station|API) Setting up "station-worldgen-api-v0" "stationapi:event_bus" "net.modificationstation.stationapi.impl.worldgen.WorldgenListener" entrypoint...
[21:09:42] [main/INFO] (Station|API) Setting up "station-api-base" "stationapi:event_bus" "net.modificationstation.stationapi.impl.mod.DeprecatedInitEventsImpl" entrypoint...
[21:09:42] [main/INFO] (Station|API) Setting up "station-recipes-v0" "stationapi:event_bus" "net.modificationstation.stationapi.impl.recipe.json.JsonRecipeParserRegisterImpl" entrypoint...
[21:09:42] [main/INFO] (Station|API) Setting up "station-recipes-v0" "stationapi:event_bus" "net.modificationstation.stationapi.impl.recipe.JsonRecipeParserInit" entrypoint...
[21:09:42] [main/INFO] (FabricLoader/MixinExtras|Service) Initializing MixinExtras via com.llamalad7.mixinextras.service.MixinExtrasServiceImpl(version=0.5.0).
[21:09:42] [main/INFO] (Station|API) Setting up "station-recipes-v0" "stationapi:event_bus" "net.modificationstation.stationapi.impl.recipe.JsonRecipesLoader" entrypoint...
[21:09:42] [main/INFO] (Station|API) Setting up "station-recipes-v0" "stationapi:event_bus" "net.modificationstation.stationapi.api.recipe.FuelRegistry" entrypoint...
[21:09:43] [main/INFO] (Station|API) Setting up "station-resource-loader-v0" "stationapi:event_bus" "net.modificationstation.stationapi.impl.resource.DataReloaderImpl" entrypoint...
[21:09:43] [main/INFO] (Station|API) Setting up "station-vanilla-fix-v0" "stationapi:event_bus" "net.modificationstation.stationapi.impl.vanillafix.block.VanillaBlockFixImpl" entrypoint...
[21:09:43] [main/INFO] (Station|API) Setting up "station-vanilla-fix-v0" "stationapi:event_bus" "net.modificationstation.stationapi.impl.vanillafix.item.VanillaItemFixImpl" entrypoint...
[21:09:43] [main/INFO] (Station|API) Setting up "station-vanilla-fix-v0" "stationapi:event_bus" "net.modificationstation.stationapi.impl.vanillafix.dimension.VanillaDimensionFixImpl" entrypoint...
[21:09:43] [main/INFO] (Station|API) Setting up "station-vanilla-fix-v0" "stationapi:event_bus" "net.modificationstation.stationapi.impl.vanillafix.recipe.VanillaFuelItemFixImpl" entrypoint...
[21:09:43] [main/INFO] (Station|API) Setting up "station-vanilla-fix-v0" "stationapi:event_bus" "net.modificationstation.stationapi.impl.vanillafix.datafixer.VanillaDataFixerImpl" entrypoint...
[21:09:43] [main/INFO] (Station|API) Setting up "station-networking-v0" "stationapi:event_bus" "net.modificationstation.stationapi.impl.network.packet.StationNetworkingInit" entrypoint...
[21:09:43] [main/INFO] (Station|API) Setting up "station-blockitems-v0" "stationapi:event_bus" "net.modificationstation.stationapi.impl.block.HasMetaBlockItemImpl" entrypoint...
[21:09:43] [main/INFO] (Station|API) Setting up "station-blockitems-v0" "stationapi:event_bus" "net.modificationstation.stationapi.impl.block.HasMetaNamedBlockItemImpl" entrypoint...
[21:09:43] [main/INFO] (Station|API) Setting up "station-blockitems-v0" "stationapi:event_bus" "net.modificationstation.stationapi.impl.block.HasCustomBlockItemFactoryImpl" entrypoint...
[21:09:43] [main/INFO] (Station|API) Setting up "station-blockitems-v0" "stationapi:event_bus" "net.modificationstation.stationapi.impl.block.BlockFormOnlyHandler" entrypoint...
[21:09:43] [main/INFO] (Station|API) Setting up "station-effects-api-v0" "stationapi:event_bus" "net.modificationstation.stationapi.impl.effect.EffectsRegisterListener" entrypoint...
[21:09:43] [main/INFO] (Station|API) Setting up "station-flattening-v0" "stationapi:event_bus" "net.modificationstation.stationapi.api.block.States" entrypoint...
[21:09:43] [main/INFO] (Station|API) Setting up "station-flattening-v0" "stationapi:event_bus" "net.modificationstation.stationapi.impl.block.PlacementStateImpl" entrypoint...
[21:09:43] [main/INFO] (Station|API) Setting up "station-flattening-v0" "stationapi:event_bus" "net.modificationstation.stationapi.impl.world.WorldDataVersionImpl" entrypoint...
[21:09:43] [main/INFO] (Station|API) Setting up "station-flattening-v0" "stationapi:event_bus" "net.modificationstation.stationapi.impl.block.BlockInteractionImpl" entrypoint...
[21:09:43] [main/INFO] (Station|API) Setting up "derggycraft" "stationapi:event_bus" "net.noahsarch.derggycraft.DerggyCraft" entrypoint...
[21:09:43] [main/INFO] (Station|API) Setting up "station-registry-sync-v0" "stationapi:event_bus" "net.modificationstation.stationapi.impl.network.RegistryNetworkingInit" entrypoint...
[21:09:43] [main/INFO] (Station|API) Setting up "station-vanilla-checker-v0" "stationapi:event_bus" "net.modificationstation.stationapi.impl.network.VanillaChecker" entrypoint...
[21:09:43] [main/INFO] (Station|API) Setting up "station-achievements-v0" "stationapi:event_bus_client" "net.modificationstation.stationapi.impl.client.gui.screen.achievement.AchievementPageImpl" entrypoint...
[21:09:44] [main/INFO] (Station|API) Setting up "cpm" "stationapi:event_bus_client" "com.tom.cpm.client.CPMClient" entrypoint...
[21:09:44] [main/INFO] (Station|API) Setting up "station-renderer-api-v0" "stationapi:event_bus_client" "net.modificationstation.stationapi.impl.client.texture.StationRenderImpl" entrypoint...
[21:09:44] [main/INFO] (Station|API) Setting up "station-items-v0" "stationapi:event_bus_client" "net.modificationstation.stationapi.impl.client.render.item.CustomItemOverlayImpl" entrypoint...
[21:09:44] [main/INFO] (Station|API) Setting up "station-items-v0" "stationapi:event_bus_client" "net.modificationstation.stationapi.impl.client.gui.screen.container.CustomTooltipRendererImpl" entrypoint...
[21:09:44] [main/INFO] (Station|API) Setting up "station-container-api-v0" "stationapi:event_bus_client" "net.modificationstation.stationapi.impl.client.network.GuiClientNetworkHandler" entrypoint...
[21:09:44] [main/INFO] (Station|API) Setting up "station-localization-api-v0" "stationapi:event_bus_client" "net.modificationstation.stationapi.api.resource.language.LanguageManager" entrypoint...
[21:09:44] [main/INFO] (Station|API) Setting up "station-gui-api-v0" "stationapi:event_bus_client" "net.modificationstation.stationapi.impl.client.gui.screen.EditWorldScreenImpl" entrypoint...
[21:09:44] [main/INFO] (Station|API) Setting up "station-renderer-arsenic" "stationapi:event_bus_client" "net.modificationstation.stationapi.impl.client.arsenic.Arsenic" entrypoint...
[21:09:44] [main/INFO] (Station|API) Setting up "station-resource-loader-v0" "stationapi:event_bus_client" "net.modificationstation.stationapi.impl.client.resource.AssetsReloaderImpl" entrypoint...
[21:09:44] [main/INFO] (Station|API) Setting up "station-vanilla-fix-v0" "stationapi:event_bus_client" "net.modificationstation.stationapi.impl.vanillafix.client.gui.screen.EditWorldScreenImpl" entrypoint...
[21:09:44] [main/INFO] (Station|API) Setting up "station-vanilla-fix-v0" "stationapi:event_bus_client" "net.modificationstation.stationapi.impl.vanillafix.client.color.block.VanillaBlockColorProviders" entrypoint...
[21:09:45] [main/INFO] (Station|API) Setting up "station-entities-v0" "stationapi:event_bus_client" "net.modificationstation.stationapi.impl.client.network.EntityClientNetworkHandler" entrypoint...
[21:09:45] [main/INFO] (Station|API) Setting up "derggycraft" "stationapi:event_bus_client" "net.noahsarch.derggycraft.client.TextureRegistry" entrypoint...
[21:09:45] [main/INFO] (Station|API) Setting up "derggycraft" "stationapi:event_bus_client" "net.noahsarch.derggycraft.client.network.ClientMusicSyncNetworking" entrypoint...
[21:09:45] [main/INFO] (Station|API) Setting up "station-registry-sync-v0" "stationapi:event_bus_client" "net.modificationstation.stationapi.impl.client.registry.ClientServerRegistryRemapper" entrypoint...
[21:09:45] [main/INFO] (Station|API) Setting up "station-registry-sync-v0" "stationapi:event_bus_client" "net.modificationstation.stationapi.impl.client.registry.ClientRegistryRestorer" entrypoint...
[21:09:45] [main/INFO] (Station|API) Setting up "station-vanilla-checker-v0" "stationapi:event_bus_client" "net.modificationstation.stationapi.impl.client.network.ClientVanillaChecker" entrypoint...
[21:09:45] [main/INFO] (Station|API) Invoking Init event...
[21:09:46] [main/INFO] (Station|API) Searching for JSON recipes...
[21:09:46] [main/INFO] (Station|API) Gathering mods that require client verification...
[21:09:46] [main/INFO] (Arsenic) Registering Arsenic renderer!
[21:09:46] [main/INFO] (Station|API) Finished Station API setup.
[21:09:49] [AWT-EventQueue-0/INFO] (Station|API) Added vanilla blocks to the registry.
[21:09:49] [AWT-EventQueue-0/INFO] (Station|API) Added vanilla items to the registry.
[21:09:49] [AWT-EventQueue-0/INFO] (CPM) Customizable Player Models Initialized
[21:09:49] [AWT-EventQueue-0/INFO] (CPM) Loaded plugins: (0)

[21:09:50] [CPM Background Loading Thread/INFO] (CPM) [VersionChecker] Starting CPM version checker...
[21:09:50] [AWT-EventQueue-0/INFO] (CPM) Loaded 0 built-in, 0 custom block tags
[21:09:50] [AWT-EventQueue-0/INFO] (CPM) Loaded 6 built-in, 0 custom item tags
[21:09:50] [AWT-EventQueue-0/INFO] (CPM) Loaded 0 built-in, 0 custom entity tags
[21:09:50] [AWT-EventQueue-0/INFO] (CPM) Loaded 0 built-in, 0 custom biome tags
[21:09:51] [CPM Background Loading Thread/INFO] (CPM) [VersionChecker] Current: 0.6.25a Target: 0.6.25a Up-to-date
[21:09:54] [Thread-3/INFO] (Station|API) Reloading ResourceManager: vanilla, Fabric Mods
[21:09:54] [Thread-3/INFO] (Station|API) Reloading ResourceManager: vanilla, Fabric Mods
[21:09:54] [AWT-EventQueue-0/INFO] (Station|API) Resource reload finished after 127 ms
[21:09:54] [AWT-EventQueue-0/INFO] (Station|API) TagManagerLoader took approximately 109 ms (88 ms preparing, 21 ms applying)
[21:09:54] [AWT-EventQueue-0/INFO] (Station|API) Total blocking time: 21 ms
[21:09:55] [AWT-EventQueue-0/INFO] (StationRenderer|API) Created: 512x512 minecraft:textures/atlas/game.png-atlas
[21:09:55] [AWT-EventQueue-0/INFO] (Station|API) Resource reload finished after 501 ms
[21:09:55] [AWT-EventQueue-0/INFO] (Station|API) LanguageManager took approximately 27 ms (23 ms preparing, 4 ms applying)
[21:09:55] [AWT-EventQueue-0/INFO] (Station|API) BakedModelManager took approximately 374 ms (368 ms preparing, 6 ms applying)
[21:09:55] [AWT-EventQueue-0/INFO] (Station|API) ItemModels took approximately 1 ms (0 ms preparing, 1 ms applying)
[21:09:55] [AWT-EventQueue-0/INFO] (Station|API) BlockDestructionTextures took approximately 1 ms (0 ms preparing, 1 ms applying)
[21:09:55] [AWT-EventQueue-0/INFO] (Station|API) ModTextures took approximately 53 ms (17 ms preparing, 36 ms applying)
[21:09:55] [AWT-EventQueue-0/INFO] (Station|API) Total blocking time: 48 ms
[21:09:58] [AWT-EventQueue-0/INFO] (derggycraft|Mod) Registered intro logo sound derggycraft:intro.ogg from file:/F:/DerggyCraft/build/resources/main/assets/derggycraft/stationapi/sounds/intro.ogg
[21:09:58] [AWT-EventQueue-0/INFO] (derggycraft|Mod) Registered flare loop sound derggycraft:flare/flare_loop.ogg from file:/F:/DerggyCraft/build/resources/main/assets/derggycraft/stationapi/sounds/flare/flare_loop.ogg
[21:09:58] [AWT-EventQueue-0/INFO] (derggycraft|Mod) Triggering intro logo sound playback id derggycraft:intro
[21:10:18] [Thread-11/WARN] (FabricLoader/Mixin) @Inject(@At("FIELD")) Shift.BY=5 on station-entities-v0.mixins.json:client.ClientNetworkHandlerMixin from mod station-entities-v0::handler$zla000$station-entities-v0$stationapi_captureCoords exceeds the maximum allowed value: 0. Increase the value of maxShiftBy to suppress this warning.
[21:11:57] [AWT-EventQueue-0/WARN] (FabricLoader/Mixin) @Inject(@At("INVOKE")) Shift.BY=2 on station-items-v0.mixins.json:PlayerInventoryMixin from mod station-items-v0::handler$zcj000$station-items-v0$stationapi_newItemStack exceeds the maximum allowed value: 0. Increase the value of maxShiftBy to suppress this warning.
[21:11:57] [AWT-EventQueue-0/WARN] (FabricLoader/Mixin) @Inject(@At("INVOKE")) Shift.BY=2 on station-recipes-v0.mixins.json:CraftingResultMixin from mod station-recipes-v0::handler$zgf000$station-recipes-v0$stationapi_onCrafted exceeds the maximum allowed value: 0. Increase the value of maxShiftBy to suppress this warning.
[21:15:47] [AWT-EventQueue-0/INFO] (derggycraft|Mod) Golden Compass locked target 'FinniTheFox' (runtime id 14902).
[21:16:41] [AWT-EventQueue-0/WARN] (FabricLoader/Mixin) @ModifyVariable(@At("FIELD")) Shift.BY=3 on station-achievements-v0.mixins.json:client.AchievementsScreenMixin from mod station-achievements-v0::localvar$zzi000$station-achievements-v0$stationapi_renderBackgroundTexture exceeds the maximum allowed value: 0. Increase the value of maxShiftBy to suppress this warning.
